\BOOKMARK [1][]{Meine Fitnessk\IeC {\"u}che.1}{Titel}{}% 1
\BOOKMARK [1][]{toc.1}{Inhaltsverzeichnis}{}% 2
\BOOKMARK [1][]{section*.6}{Basic}{}% 3
\BOOKMARK [2][]{section*.7}{ Falscher Reis }{section*.6}% 4
\BOOKMARK [2][]{section*.8}{ Fitness Mayonnaise }{section*.6}% 5
\BOOKMARK [2][]{section*.9}{ Raps\366l Mayo }{section*.6}% 6
\BOOKMARK [1][]{section*.10}{Hauptgerichte}{}% 7
\BOOKMARK [2][]{section*.11}{ Thunfischfrikadellen mit Asia-Salat }{section*.10}% 8
\BOOKMARK [2][]{section*.12}{ Putenbruststreifen mit Erdnusschilisauce }{section*.10}% 9
\BOOKMARK [2][]{section*.13}{ Veggie Burger }{section*.10}% 10
\BOOKMARK [2][]{section*.14}{ Lachsfilet mit Spinat und Avocadosalat }{section*.10}% 11
\BOOKMARK [2][]{section*.15}{ Gegrilltes H\344hnchen mit griechischem Salat }{section*.10}% 12
\BOOKMARK [2][]{section*.16}{ Gebackene S\374\337kartoffeln mit Avocado-Paprika-Dip }{section*.10}% 13
\BOOKMARK [1][]{section*.17}{S\374\337e Snaks}{}% 14
\BOOKMARK [2][]{section*.18}{ Brownie Delux }{section*.17}% 15
\BOOKMARK [2][]{section*.19}{ Himbeer-Muffins }{section*.17}% 16
\BOOKMARK [2][]{section*.20}{ Bananen Pancakes }{section*.17}% 17
\BOOKMARK [2][]{section*.21}{ Bananen-Quark-Waffeln }{section*.17}% 18
\BOOKMARK [1][]{section*.22}{Smoothies}{}% 19
\BOOKMARK [2][]{section*.23}{ Afterworkout-Beerenmix }{section*.22}% 20
\BOOKMARK [1][]{section*.24}{Infos und Wissenswertes}{}% 21
